<?xml version="1.0" encoding="UTF-8"?>
<!-- Generated by org.testng.reporters.JUnitXMLReporter -->
<testsuite ignored="0" hostname="DESKTOP-LEA4EKC" failures="0" tests="4" name="Default test" time="0.067" errors="0" timestamp="2021-02-16T19:00:01 PST">
  <testcase classname="com.sim.TestNG.MultipleTestNG" name="appClose" time="0.009"/>
  <testcase classname="com.sim.TestNG.MultipleTestNG" name="appLaunch" time="0.004"/>
  <testcase classname="com.sim.TestNG.MultipleTestNG" name="appLogin" time="0.005"/>
  <testcase classname="com.sim.TestNG.MultipleTestNG" name="appLogout" time="0.001"/>
</testsuite> <!-- Default test -->
