<?xml version="1.0" encoding="UTF-8"?>
<!-- Generated by org.testng.reporters.JUnitXMLReporter -->
<testsuite hostname="vasu-PC" name="PrimusBank" tests="4" failures="0" timestamp="16 Feb 2021 03:43:52 GMT" time="0.175" errors="0">
  <testcase name="testMethod1" time="0.032" classname="com.sim.testng.AnnotationsTest1"/>
  <testcase name="testMethod2" time="0.005" classname="com.sim.testng.AnnotationsTest1"/>
  <testcase name="testMethod3" time="0.003" classname="com.sim.testng.AnnotationsTest2"/>
  <testcase name="testMethod4" time="0.005" classname="com.sim.testng.AnnotationsTest2"/>
</testsuite> <!-- PrimusBank -->
