<?xml version="1.0" encoding="UTF-8"?>
<testng-results ignored="0" total="4" passed="4" failed="0" skipped="0">
  <reporter-output>
  </reporter-output>
  <suite started-at="2021-02-16T19:00:01 PST" name="Default suite" finished-at="2021-02-16T19:00:01 PST" duration-ms="67">
    <groups>
    </groups>
    <test started-at="2021-02-16T19:00:01 PST" name="Default test" finished-at="2021-02-16T19:00:01 PST" duration-ms="67">
      <class name="com.sim.TestNG.MultipleTestNG">
        <test-method signature="appClose()[pri:0, instance:com.sim.TestNG.MultipleTestNG@197d671]" started-at="2021-02-16T19:00:01 PST" name="appClose" finished-at="2021-02-16T19:00:01 PST" duration-ms="9" status="PASS">
          <reporter-output>
          </reporter-output>
        </test-method> <!-- appClose -->
        <test-method signature="appLaunch()[pri:0, instance:com.sim.TestNG.MultipleTestNG@197d671]" started-at="2021-02-16T19:00:01 PST" name="appLaunch" finished-at="2021-02-16T19:00:01 PST" duration-ms="4" status="PASS">
          <reporter-output>
          </reporter-output>
        </test-method> <!-- appLaunch -->
        <test-method signature="appLogin()[pri:0, instance:com.sim.TestNG.MultipleTestNG@197d671]" started-at="2021-02-16T19:00:01 PST" name="appLogin" finished-at="2021-02-16T19:00:01 PST" duration-ms="5" status="PASS">
          <reporter-output>
          </reporter-output>
        </test-method> <!-- appLogin -->
        <test-method signature="appLogout()[pri:0, instance:com.sim.TestNG.MultipleTestNG@197d671]" started-at="2021-02-16T19:00:01 PST" name="appLogout" finished-at="2021-02-16T19:00:01 PST" duration-ms="1" status="PASS">
          <reporter-output>
          </reporter-output>
        </test-method> <!-- appLogout -->
      </class> <!-- com.sim.TestNG.MultipleTestNG -->
    </test> <!-- Default test -->
  </suite> <!-- Default suite -->
</testng-results>
