<?xml version="1.0" encoding="UTF-8"?>
<!-- Generated by org.testng.reporters.JUnitXMLReporter -->
<testsuite ignored="0" hostname="DESKTOP-LEA4EKC" failures="0" tests="4" name="PrimusBank" time="0.085" errors="0" timestamp="2021-02-16T18:54:10 PST">
  <testcase classname="com.sim.TestNG.AnnotationsTest1" name="testMethod1" time="0.006"/>
  <testcase classname="com.sim.TestNG.AnnotationsTest1" name="testMethod2" time="0.002"/>
  <testcase classname="com.sim.TestNG.AnnotationsTest2" name="testMethod3" time="0.001"/>
  <testcase classname="com.sim.TestNG.AnnotationsTest2" name="testMethod4" time="0.004"/>
</testsuite> <!-- PrimusBank -->
