<?xml version="1.0" encoding="UTF-8"?>
<testng-results skipped="0" failed="0" total="2" passed="2">
  <reporter-output>
  </reporter-output>
  <suite name="Default suite" duration-ms="50125" started-at="2021-02-18T03:39:35Z" finished-at="2021-02-18T03:40:25Z">
    <groups>
    </groups>
    <test name="Default test" duration-ms="50125" started-at="2021-02-18T03:39:35Z" finished-at="2021-02-18T03:40:25Z">
      <class name="com.sim.testng.BranchCreationTest">
        <test-method status="PASS" signature="appLaunch()[pri:0, instance:com.sim.testng.BranchCreationTest@1ae369b7]" name="appLaunch" is-config="true" duration-ms="9077" started-at="2021-02-18T09:09:26Z" finished-at="2021-02-18T09:09:35Z">
          <reporter-output>
          </reporter-output>
        </test-method> <!-- appLaunch -->
        <test-method status="PASS" signature="appLogin()[pri:0, instance:com.sim.testng.BranchCreationTest@1ae369b7]" name="appLogin" is-config="true" duration-ms="1434" started-at="2021-02-18T09:09:35Z" finished-at="2021-02-18T09:09:36Z">
          <reporter-output>
          </reporter-output>
        </test-method> <!-- appLogin -->
        <test-method status="PASS" signature="branchCreation(java.lang.String, java.lang.String)[pri:0, instance:com.sim.testng.BranchCreationTest@1ae369b7]" name="branchCreation" duration-ms="23477" started-at="2021-02-18T09:09:36Z" data-provider="getData" finished-at="2021-02-18T09:10:00Z">
          <params>
            <param index="0">
              <value>
                <![CDATA[Address123]]>
              </value>
            </param>
            <param index="1">
              <value>
                <![CDATA[Selenium]]>
              </value>
            </param>
          </params>
          <reporter-output>
          </reporter-output>
        </test-method> <!-- branchCreation -->
        <test-method status="PASS" signature="branchCreation(java.lang.String, java.lang.String)[pri:0, instance:com.sim.testng.BranchCreationTest@1ae369b7]" name="branchCreation" duration-ms="24321" started-at="2021-02-18T09:10:00Z" data-provider="getData" finished-at="2021-02-18T09:10:24Z">
          <params>
            <param index="0">
              <value>
                <![CDATA[Vasudeva1]]>
              </value>
            </param>
            <param index="1">
              <value>
                <![CDATA[Selenium1]]>
              </value>
            </param>
          </params>
          <reporter-output>
          </reporter-output>
        </test-method> <!-- branchCreation -->
        <test-method status="PASS" signature="appLogout()[pri:0, instance:com.sim.testng.BranchCreationTest@1ae369b7]" name="appLogout" is-config="true" duration-ms="839" started-at="2021-02-18T09:10:24Z" finished-at="2021-02-18T09:10:25Z">
          <reporter-output>
          </reporter-output>
        </test-method> <!-- appLogout -->
        <test-method status="PASS" signature="appClose()[pri:0, instance:com.sim.testng.BranchCreationTest@1ae369b7]" name="appClose" is-config="true" duration-ms="200" started-at="2021-02-18T09:10:25Z" finished-at="2021-02-18T09:10:25Z">
          <reporter-output>
          </reporter-output>
        </test-method> <!-- appClose -->
      </class> <!-- com.sim.testng.BranchCreationTest -->
    </test> <!-- Default test -->
  </suite> <!-- Default suite -->
</testng-results>
